{"/Users/jmesa/Documents/marsRover/src/actions/actionTypes.js": {"path":"/Users/jmesa/Documents/marsRover/src/actions/actionTypes.js","statementMap":{"0":{"start":{"line":1,"column":27},"end":{"line":1,"column":40}},"1":{"start":{"line":2,"column":40},"end":{"line":2,"column":66}},"2":{"start":{"line":3,"column":37},"end":{"line":3,"column":60}},"3":{"start":{"line":4,"column":38},"end":{"line":4,"column":62}},"4":{"start":{"line":5,"column":30},"end":{"line":5,"column":46}},"5":{"start":{"line":6,"column":30},"end":{"line":6,"column":46}},"6":{"start":{"line":7,"column":35},"end":{"line":7,"column":56}},"7":{"start":{"line":8,"column":34},"end":{"line":8,"column":54}}},"fnMap":{},"branchMap":{},"s":{"0":18,"1":18,"2":18,"3":18,"4":18,"5":18,"6":18,"7":18},"f":{},"b":{},"_coverageSchema":"1a1c01bbd47fc00a2c39e90264f33305004495a9","hash":"d2154bb4378a4f705deb8114129700c263c0db54"}
,"/Users/jmesa/Documents/marsRover/src/actions/obstaclesActions.js": {"path":"/Users/jmesa/Documents/marsRover/src/actions/obstaclesActions.js","statementMap":{"0":{"start":{"line":3,"column":31},"end":{"line":8,"column":2}},"1":{"start":{"line":3,"column":45},"end":{"line":8,"column":1}},"2":{"start":{"line":10,"column":30},"end":{"line":15,"column":2}},"3":{"start":{"line":10,"column":43},"end":{"line":15,"column":1}}},"fnMap":{"0":{"name":"(anonymous_0)","decl":{"start":{"line":3,"column":31},"end":{"line":3,"column":32}},"loc":{"start":{"line":3,"column":45},"end":{"line":8,"column":1}},"line":3},"1":{"name":"(anonymous_1)","decl":{"start":{"line":10,"column":30},"end":{"line":10,"column":31}},"loc":{"start":{"line":10,"column":43},"end":{"line":15,"column":1}},"line":10}},"branchMap":{},"s":{"0":4,"1":1,"2":4,"3":1},"f":{"0":1,"1":1},"b":{},"_coverageSchema":"1a1c01bbd47fc00a2c39e90264f33305004495a9","hash":"d5186b8d0f8fca3757d5c98d2134172279c9a5a9"}
,"/Users/jmesa/Documents/marsRover/src/actions/roverActions.js": {"path":"/Users/jmesa/Documents/marsRover/src/actions/roverActions.js","statementMap":{"0":{"start":{"line":9,"column":26},"end":{"line":11,"column":2}},"1":{"start":{"line":9,"column":33},"end":{"line":11,"column":1}},"2":{"start":{"line":13,"column":37},"end":{"line":15,"column":2}},"3":{"start":{"line":13,"column":44},"end":{"line":15,"column":1}},"4":{"start":{"line":17,"column":40},"end":{"line":28,"column":2}},"5":{"start":{"line":21,"column":7},"end":{"line":28,"column":1}},"6":{"start":{"line":30,"column":36},"end":{"line":37,"column":2}},"7":{"start":{"line":30,"column":79},"end":{"line":37,"column":1}},"8":{"start":{"line":39,"column":32},"end":{"line":44,"column":2}},"9":{"start":{"line":39,"column":45},"end":{"line":44,"column":1}}},"fnMap":{"0":{"name":"(anonymous_0)","decl":{"start":{"line":9,"column":26},"end":{"line":9,"column":27}},"loc":{"start":{"line":9,"column":33},"end":{"line":11,"column":1}},"line":9},"1":{"name":"(anonymous_1)","decl":{"start":{"line":13,"column":37},"end":{"line":13,"column":38}},"loc":{"start":{"line":13,"column":44},"end":{"line":15,"column":1}},"line":13},"2":{"name":"(anonymous_2)","decl":{"start":{"line":17,"column":40},"end":{"line":17,"column":41}},"loc":{"start":{"line":21,"column":7},"end":{"line":28,"column":1}},"line":21},"3":{"name":"(anonymous_3)","decl":{"start":{"line":30,"column":36},"end":{"line":30,"column":37}},"loc":{"start":{"line":30,"column":79},"end":{"line":37,"column":1}},"line":30},"4":{"name":"(anonymous_4)","decl":{"start":{"line":39,"column":32},"end":{"line":39,"column":33}},"loc":{"start":{"line":39,"column":45},"end":{"line":44,"column":1}},"line":39}},"branchMap":{},"s":{"0":4,"1":1,"2":4,"3":1,"4":4,"5":1,"6":4,"7":1,"8":4,"9":1},"f":{"0":1,"1":1,"2":1,"3":1,"4":1},"b":{},"_coverageSchema":"1a1c01bbd47fc00a2c39e90264f33305004495a9","hash":"ccee883ea4ab5753faf27b732d060050e9c3e585"}
,"/Users/jmesa/Documents/marsRover/src/common/constants.js": {"path":"/Users/jmesa/Documents/marsRover/src/common/constants.js","statementMap":{"0":{"start":{"line":1,"column":33},"end":{"line":1,"column":35}},"1":{"start":{"line":3,"column":31},"end":{"line":7,"column":1}},"2":{"start":{"line":9,"column":31},"end":{"line":14,"column":1}},"3":{"start":{"line":16,"column":30},"end":{"line":20,"column":1}}},"fnMap":{},"branchMap":{},"s":{"0":14,"1":14,"2":14,"3":14},"f":{},"b":{},"_coverageSchema":"1a1c01bbd47fc00a2c39e90264f33305004495a9","hash":"f08d1b7281a07dba87dfbba209c3e998cfa0221f"}
,"/Users/jmesa/Documents/marsRover/src/common/helpers.js": {"path":"/Users/jmesa/Documents/marsRover/src/common/helpers.js","statementMap":{"0":{"start":{"line":4,"column":31},"end":{"line":8,"column":25}},"1":{"start":{"line":5,"column":2},"end":{"line":8,"column":25}},"2":{"start":{"line":10,"column":30},"end":{"line":13,"column":10}},"3":{"start":{"line":11,"column":2},"end":{"line":13,"column":10}},"4":{"start":{"line":12,"column":16},"end":{"line":12,"column":76}},"5":{"start":{"line":15,"column":33},"end":{"line":30,"column":1}},"6":{"start":{"line":16,"column":2},"end":{"line":29,"column":3}},"7":{"start":{"line":18,"column":6},"end":{"line":18,"column":26}},"8":{"start":{"line":21,"column":6},"end":{"line":21,"column":26}},"9":{"start":{"line":24,"column":6},"end":{"line":24,"column":26}},"10":{"start":{"line":28,"column":6},"end":{"line":28,"column":26}},"11":{"start":{"line":32,"column":42},"end":{"line":54,"column":1}},"12":{"start":{"line":37,"column":32},"end":{"line":40,"column":3}},"13":{"start":{"line":42,"column":4},"end":{"line":43,"column":47}},"14":{"start":{"line":45,"column":2},"end":{"line":51,"column":3}},"15":{"start":{"line":46,"column":4},"end":{"line":50,"column":6}},"16":{"start":{"line":53,"column":2},"end":{"line":53,"column":33}},"17":{"start":{"line":56,"column":36},"end":{"line":78,"column":1}},"18":{"start":{"line":57,"column":22},"end":{"line":57,"column":24}},"19":{"start":{"line":58,"column":10},"end":{"line":58,"column":11}},"20":{"start":{"line":60,"column":2},"end":{"line":75,"column":3}},"21":{"start":{"line":61,"column":17},"end":{"line":61,"column":52}},"22":{"start":{"line":62,"column":17},"end":{"line":62,"column":52}},"23":{"start":{"line":63,"column":29},"end":{"line":65,"column":5}},"24":{"start":{"line":64,"column":18},"end":{"line":64,"column":60}},"25":{"start":{"line":67,"column":4},"end":{"line":74,"column":5}},"26":{"start":{"line":68,"column":6},"end":{"line":71,"column":9}},"27":{"start":{"line":73,"column":6},"end":{"line":73,"column":48}},"28":{"start":{"line":77,"column":2},"end":{"line":77,"column":35}},"29":{"start":{"line":80,"column":38},"end":{"line":89,"column":1}},"30":{"start":{"line":81,"column":24},"end":{"line":81,"column":53}},"31":{"start":{"line":82,"column":21},"end":{"line":82,"column":79}},"32":{"start":{"line":84,"column":2},"end":{"line":86,"column":3}},"33":{"start":{"line":85,"column":4},"end":{"line":85,"column":62}},"34":{"start":{"line":88,"column":2},"end":{"line":88,"column":23}},"35":{"start":{"line":91,"column":40},"end":{"line":102,"column":1}},"36":{"start":{"line":92,"column":2},"end":{"line":101,"column":3}},"37":{"start":{"line":94,"column":6},"end":{"line":94,"column":30}},"38":{"start":{"line":96,"column":6},"end":{"line":96,"column":30}},"39":{"start":{"line":98,"column":6},"end":{"line":98,"column":30}},"40":{"start":{"line":100,"column":6},"end":{"line":100,"column":18}},"41":{"start":{"line":104,"column":36},"end":{"line":109,"column":19}},"42":{"start":{"line":105,"column":2},"end":{"line":109,"column":19}},"43":{"start":{"line":108,"column":20},"end":{"line":108,"column":62}},"44":{"start":{"line":111,"column":33},"end":{"line":120,"column":1}},"45":{"start":{"line":116,"column":21},"end":{"line":116,"column":77}},"46":{"start":{"line":117,"column":23},"end":{"line":117,"column":64}},"47":{"start":{"line":119,"column":2},"end":{"line":119,"column":37}}},"fnMap":{"0":{"name":"(anonymous_0)","decl":{"start":{"line":4,"column":31},"end":{"line":4,"column":32}},"loc":{"start":{"line":5,"column":2},"end":{"line":8,"column":25}},"line":5},"1":{"name":"(anonymous_1)","decl":{"start":{"line":10,"column":30},"end":{"line":10,"column":31}},"loc":{"start":{"line":11,"column":2},"end":{"line":13,"column":10}},"line":11},"2":{"name":"(anonymous_2)","decl":{"start":{"line":12,"column":4},"end":{"line":12,"column":5}},"loc":{"start":{"line":12,"column":16},"end":{"line":12,"column":76}},"line":12},"3":{"name":"(anonymous_3)","decl":{"start":{"line":15,"column":33},"end":{"line":15,"column":34}},"loc":{"start":{"line":15,"column":46},"end":{"line":30,"column":1}},"line":15},"4":{"name":"(anonymous_4)","decl":{"start":{"line":32,"column":42},"end":{"line":32,"column":43}},"loc":{"start":{"line":36,"column":5},"end":{"line":54,"column":1}},"line":36},"5":{"name":"(anonymous_5)","decl":{"start":{"line":56,"column":36},"end":{"line":56,"column":37}},"loc":{"start":{"line":56,"column":73},"end":{"line":78,"column":1}},"line":56},"6":{"name":"(anonymous_6)","decl":{"start":{"line":64,"column":6},"end":{"line":64,"column":7}},"loc":{"start":{"line":64,"column":18},"end":{"line":64,"column":60}},"line":64},"7":{"name":"(anonymous_7)","decl":{"start":{"line":80,"column":38},"end":{"line":80,"column":39}},"loc":{"start":{"line":80,"column":70},"end":{"line":89,"column":1}},"line":80},"8":{"name":"(anonymous_8)","decl":{"start":{"line":91,"column":40},"end":{"line":91,"column":41}},"loc":{"start":{"line":91,"column":48},"end":{"line":102,"column":1}},"line":91},"9":{"name":"(anonymous_9)","decl":{"start":{"line":104,"column":36},"end":{"line":104,"column":37}},"loc":{"start":{"line":105,"column":2},"end":{"line":109,"column":19}},"line":105},"10":{"name":"(anonymous_10)","decl":{"start":{"line":108,"column":12},"end":{"line":108,"column":13}},"loc":{"start":{"line":108,"column":20},"end":{"line":108,"column":62}},"line":108},"11":{"name":"(anonymous_11)","decl":{"start":{"line":111,"column":33},"end":{"line":111,"column":34}},"loc":{"start":{"line":115,"column":6},"end":{"line":120,"column":1}},"line":115}},"branchMap":{"0":{"loc":{"start":{"line":5,"column":2},"end":{"line":8,"column":25}},"type":"binary-expr","locations":[{"start":{"line":5,"column":2},"end":{"line":5,"column":20}},{"start":{"line":6,"column":2},"end":{"line":6,"column":25}},{"start":{"line":7,"column":2},"end":{"line":7,"column":20}},{"start":{"line":8,"column":2},"end":{"line":8,"column":25}}],"line":5},"1":{"loc":{"start":{"line":12,"column":16},"end":{"line":12,"column":76}},"type":"binary-expr","locations":[{"start":{"line":12,"column":16},"end":{"line":12,"column":44}},{"start":{"line":12,"column":48},"end":{"line":12,"column":76}}],"line":12},"2":{"loc":{"start":{"line":16,"column":2},"end":{"line":29,"column":3}},"type":"switch","locations":[{"start":{"line":17,"column":4},"end":{"line":18,"column":26}},{"start":{"line":20,"column":4},"end":{"line":21,"column":26}},{"start":{"line":23,"column":4},"end":{"line":24,"column":26}},{"start":{"line":26,"column":4},"end":{"line":26,"column":27}},{"start":{"line":27,"column":4},"end":{"line":28,"column":26}}],"line":16},"3":{"loc":{"start":{"line":42,"column":4},"end":{"line":43,"column":47}},"type":"binary-expr","locations":[{"start":{"line":42,"column":4},"end":{"line":42,"column":47}},{"start":{"line":43,"column":4},"end":{"line":43,"column":47}}],"line":42},"4":{"loc":{"start":{"line":45,"column":2},"end":{"line":51,"column":3}},"type":"if","locations":[{"start":{"line":45,"column":2},"end":{"line":51,"column":3}},{"start":{"line":45,"column":2},"end":{"line":51,"column":3}}],"line":45},"5":{"loc":{"start":{"line":56,"column":47},"end":{"line":56,"column":68}},"type":"default-arg","locations":[{"start":{"line":56,"column":67},"end":{"line":56,"column":68}}],"line":56},"6":{"loc":{"start":{"line":64,"column":18},"end":{"line":64,"column":60}},"type":"binary-expr","locations":[{"start":{"line":64,"column":18},"end":{"line":64,"column":37}},{"start":{"line":64,"column":41},"end":{"line":64,"column":60}}],"line":64},"7":{"loc":{"start":{"line":67,"column":4},"end":{"line":74,"column":5}},"type":"if","locations":[{"start":{"line":67,"column":4},"end":{"line":74,"column":5}},{"start":{"line":67,"column":4},"end":{"line":74,"column":5}}],"line":67},"8":{"loc":{"start":{"line":84,"column":2},"end":{"line":86,"column":3}},"type":"if","locations":[{"start":{"line":84,"column":2},"end":{"line":86,"column":3}},{"start":{"line":84,"column":2},"end":{"line":86,"column":3}}],"line":84},"9":{"loc":{"start":{"line":92,"column":2},"end":{"line":101,"column":3}},"type":"switch","locations":[{"start":{"line":93,"column":4},"end":{"line":94,"column":30}},{"start":{"line":95,"column":4},"end":{"line":96,"column":30}},{"start":{"line":97,"column":4},"end":{"line":98,"column":30}},{"start":{"line":99,"column":4},"end":{"line":100,"column":18}}],"line":92},"10":{"loc":{"start":{"line":105,"column":2},"end":{"line":109,"column":19}},"type":"binary-expr","locations":[{"start":{"line":105,"column":2},"end":{"line":109,"column":13}},{"start":{"line":109,"column":17},"end":{"line":109,"column":19}}],"line":105},"11":{"loc":{"start":{"line":119,"column":9},"end":{"line":119,"column":36}},"type":"binary-expr","locations":[{"start":{"line":119,"column":9},"end":{"line":119,"column":20}},{"start":{"line":119,"column":24},"end":{"line":119,"column":36}}],"line":119}},"s":{"0":14,"1":20,"2":14,"3":27,"4":14,"5":14,"6":7,"7":1,"8":3,"9":1,"10":2,"11":14,"12":4,"13":4,"14":4,"15":1,"16":3,"17":14,"18":9,"19":9,"20":9,"21":11,"22":11,"23":11,"24":2,"25":11,"26":10,"27":1,"28":9,"29":14,"30":7,"31":7,"32":7,"33":1,"34":6,"35":14,"36":6,"37":1,"38":1,"39":3,"40":1,"41":14,"42":4,"43":18,"44":14,"45":20,"46":20,"47":20},"f":{"0":20,"1":27,"2":14,"3":7,"4":4,"5":9,"6":2,"7":7,"8":6,"9":4,"10":18,"11":20},"b":{"0":[20,20,20,20],"1":[14,5],"2":[1,3,1,1,2],"3":[4,1],"4":[1,3],"5":[8],"6":[2,1],"7":[10,1],"8":[1,6],"9":[1,1,3,1],"10":[4,3],"11":[20,17]},"_coverageSchema":"1a1c01bbd47fc00a2c39e90264f33305004495a9","hash":"1ceee89d6f1a84b86a1b08820dcbcdcd046e79e1"}
,"/Users/jmesa/Documents/marsRover/src/common/testHelpers.js": {"path":"/Users/jmesa/Documents/marsRover/src/common/testHelpers.js","statementMap":{"0":{"start":{"line":3,"column":29},"end":{"line":10,"column":1}},"1":{"start":{"line":4,"column":39},"end":{"line":4,"column":44}},"2":{"start":{"line":5,"column":2},"end":{"line":9,"column":4}}},"fnMap":{"0":{"name":"(anonymous_0)","decl":{"start":{"line":3,"column":29},"end":{"line":3,"column":30}},"loc":{"start":{"line":3,"column":46},"end":{"line":10,"column":1}},"line":3}},"branchMap":{},"s":{"0":2,"1":46,"2":46},"f":{"0":46},"b":{},"_coverageSchema":"1a1c01bbd47fc00a2c39e90264f33305004495a9","hash":"354b2cbf25b00b7f1a96ba1b938a990e10b27efe"}
,"/Users/jmesa/Documents/marsRover/src/components/Actions.js": {"path":"/Users/jmesa/Documents/marsRover/src/components/Actions.js","statementMap":{"0":{"start":{"line":8,"column":16},"end":{"line":14,"column":1}},"1":{"start":{"line":9,"column":2},"end":{"line":13,"column":8}},"2":{"start":{"line":16,"column":22},"end":{"line":24,"column":1}}},"fnMap":{"0":{"name":"(anonymous_0)","decl":{"start":{"line":8,"column":16},"end":{"line":8,"column":17}},"loc":{"start":{"line":9,"column":2},"end":{"line":13,"column":8}},"line":9}},"branchMap":{},"s":{"0":1,"1":2,"2":1},"f":{"0":2},"b":{},"_coverageSchema":"1a1c01bbd47fc00a2c39e90264f33305004495a9","hash":"c56ac9911c52f4e016bb2417218721c77fe1f4cc"}
,"/Users/jmesa/Documents/marsRover/src/components/Description.js": {"path":"/Users/jmesa/Documents/marsRover/src/components/Description.js","statementMap":{"0":{"start":{"line":4,"column":20},"end":{"line":46,"column":1}},"1":{"start":{"line":5,"column":2},"end":{"line":45,"column":8}},"2":{"start":{"line":48,"column":26},"end":{"line":50,"column":1}}},"fnMap":{"0":{"name":"(anonymous_0)","decl":{"start":{"line":4,"column":20},"end":{"line":4,"column":21}},"loc":{"start":{"line":5,"column":2},"end":{"line":45,"column":8}},"line":5}},"branchMap":{},"s":{"0":1,"1":2,"2":1},"f":{"0":2},"b":{},"_coverageSchema":"1a1c01bbd47fc00a2c39e90264f33305004495a9","hash":"a873a6d096364c0e29b5920c6bac147bd5f7ee9a"}
,"/Users/jmesa/Documents/marsRover/src/components/Grid.js": {"path":"/Users/jmesa/Documents/marsRover/src/components/Grid.js","statementMap":{"0":{"start":{"line":8,"column":13},"end":{"line":75,"column":1}},"1":{"start":{"line":14,"column":21},"end":{"line":72,"column":3}},"2":{"start":{"line":15,"column":22},"end":{"line":15,"column":24}},"3":{"start":{"line":16,"column":20},"end":{"line":16,"column":21}},"4":{"start":{"line":17,"column":17},"end":{"line":17,"column":18}},"5":{"start":{"line":18,"column":16},"end":{"line":18,"column":17}},"6":{"start":{"line":19,"column":31},"end":{"line":19,"column":45}},"7":{"start":{"line":20,"column":4},"end":{"line":69,"column":5}},"8":{"start":{"line":21,"column":21},"end":{"line":21,"column":22}},"9":{"start":{"line":22,"column":23},"end":{"line":22,"column":25}},"10":{"start":{"line":24,"column":6},"end":{"line":62,"column":7}},"11":{"start":{"line":25,"column":28},"end":{"line":25,"column":36}},"12":{"start":{"line":26,"column":28},"end":{"line":26,"column":40}},"13":{"start":{"line":27,"column":19},"end":{"line":27,"column":50}},"14":{"start":{"line":28,"column":25},"end":{"line":28,"column":30}},"15":{"start":{"line":29,"column":30},"end":{"line":29,"column":35}},"16":{"start":{"line":31,"column":8},"end":{"line":41,"column":9}},"17":{"start":{"line":32,"column":10},"end":{"line":32,"column":33}},"18":{"start":{"line":33,"column":15},"end":{"line":41,"column":9}},"19":{"start":{"line":34,"column":32},"end":{"line":36,"column":11}},"20":{"start":{"line":35,"column":24},"end":{"line":35,"column":80}},"21":{"start":{"line":37,"column":10},"end":{"line":40,"column":11}},"22":{"start":{"line":38,"column":12},"end":{"line":38,"column":30}},"23":{"start":{"line":39,"column":12},"end":{"line":39,"column":56}},"24":{"start":{"line":43,"column":8},"end":{"line":61,"column":10}},"25":{"start":{"line":64,"column":6},"end":{"line":68,"column":8}},"26":{"start":{"line":71,"column":4},"end":{"line":71,"column":21}},"27":{"start":{"line":74,"column":2},"end":{"line":74,"column":75}},"28":{"start":{"line":74,"column":62},"end":{"line":74,"column":66}},"29":{"start":{"line":77,"column":19},"end":{"line":120,"column":1}},"30":{"start":{"line":122,"column":24},"end":{"line":126,"column":2}},"31":{"start":{"line":122,"column":34},"end":{"line":126,"column":1}}},"fnMap":{"0":{"name":"(anonymous_0)","decl":{"start":{"line":8,"column":13},"end":{"line":8,"column":14}},"loc":{"start":{"line":13,"column":6},"end":{"line":75,"column":1}},"line":13},"1":{"name":"(anonymous_1)","decl":{"start":{"line":14,"column":21},"end":{"line":14,"column":22}},"loc":{"start":{"line":14,"column":27},"end":{"line":72,"column":3}},"line":14},"2":{"name":"(anonymous_2)","decl":{"start":{"line":35,"column":12},"end":{"line":35,"column":13}},"loc":{"start":{"line":35,"column":24},"end":{"line":35,"column":80}},"line":35},"3":{"name":"(anonymous_3)","decl":{"start":{"line":74,"column":54},"end":{"line":74,"column":55}},"loc":{"start":{"line":74,"column":62},"end":{"line":74,"column":66}},"line":74},"4":{"name":"(anonymous_4)","decl":{"start":{"line":122,"column":24},"end":{"line":122,"column":25}},"loc":{"start":{"line":122,"column":34},"end":{"line":126,"column":1}},"line":122}},"branchMap":{"0":{"loc":{"start":{"line":31,"column":8},"end":{"line":41,"column":9}},"type":"if","locations":[{"start":{"line":31,"column":8},"end":{"line":41,"column":9}},{"start":{"line":31,"column":8},"end":{"line":41,"column":9}}],"line":31},"1":{"loc":{"start":{"line":31,"column":12},"end":{"line":31,"column":68}},"type":"binary-expr","locations":[{"start":{"line":31,"column":12},"end":{"line":31,"column":38}},{"start":{"line":31,"column":42},"end":{"line":31,"column":68}}],"line":31},"2":{"loc":{"start":{"line":33,"column":15},"end":{"line":41,"column":9}},"type":"if","locations":[{"start":{"line":33,"column":15},"end":{"line":41,"column":9}},{"start":{"line":33,"column":15},"end":{"line":41,"column":9}}],"line":33},"3":{"loc":{"start":{"line":35,"column":24},"end":{"line":35,"column":80}},"type":"binary-expr","locations":[{"start":{"line":35,"column":24},"end":{"line":35,"column":50}},{"start":{"line":35,"column":54},"end":{"line":35,"column":80}}],"line":35},"4":{"loc":{"start":{"line":37,"column":10},"end":{"line":40,"column":11}},"type":"if","locations":[{"start":{"line":37,"column":10},"end":{"line":40,"column":11}},{"start":{"line":37,"column":10},"end":{"line":40,"column":11}}],"line":37},"5":{"loc":{"start":{"line":46,"column":14},"end":{"line":50,"column":20}},"type":"cond-expr","locations":[{"start":{"line":47,"column":18},"end":{"line":47,"column":37}},{"start":{"line":48,"column":18},"end":{"line":50,"column":20}}],"line":46},"6":{"loc":{"start":{"line":48,"column":18},"end":{"line":50,"column":20}},"type":"cond-expr","locations":[{"start":{"line":49,"column":18},"end":{"line":49,"column":40}},{"start":{"line":50,"column":18},"end":{"line":50,"column":20}}],"line":48},"7":{"loc":{"start":{"line":55,"column":13},"end":{"line":59,"column":13}},"type":"cond-expr","locations":[{"start":{"line":56,"column":14},"end":{"line":56,"column":80}},{"start":{"line":58,"column":14},"end":{"line":58,"column":16}}],"line":55}},"s":{"0":1,"1":2,"2":2,"3":2,"4":2,"5":2,"6":2,"7":2,"8":12,"9":12,"10":12,"11":132,"12":132,"13":132,"14":132,"15":132,"16":132,"17":2,"18":130,"19":92,"20":242,"21":92,"22":10,"23":10,"24":132,"25":12,"26":2,"27":2,"28":12,"29":1,"30":1,"31":2},"f":{"0":2,"1":2,"2":242,"3":12,"4":2},"b":{"0":[2,130],"1":[132,12],"2":[92,38],"3":[242,28],"4":[10,82],"5":[2,130],"6":[10,120],"7":[2,130]},"_coverageSchema":"1a1c01bbd47fc00a2c39e90264f33305004495a9","hash":"7c40c83315f7210c2e30aa2c26743dffe9a022bd"}
,"/Users/jmesa/Documents/marsRover/src/components/InstructionsForm.js": {"path":"/Users/jmesa/Documents/marsRover/src/components/InstructionsForm.js","statementMap":{"0":{"start":{"line":11,"column":25},"end":{"line":54,"column":1}},"1":{"start":{"line":17,"column":19},"end":{"line":17,"column":31}},"2":{"start":{"line":18,"column":27},"end":{"line":32,"column":3}},"3":{"start":{"line":20,"column":6},"end":{"line":20,"column":29}},"4":{"start":{"line":21,"column":25},"end":{"line":21,"column":59}},"5":{"start":{"line":22,"column":27},"end":{"line":22,"column":59}},"6":{"start":{"line":24,"column":6},"end":{"line":24,"column":44}},"7":{"start":{"line":25,"column":6},"end":{"line":29,"column":9}},"8":{"start":{"line":34,"column":2},"end":{"line":53,"column":4}},"9":{"start":{"line":56,"column":31},"end":{"line":65,"column":1}},"10":{"start":{"line":67,"column":24},"end":{"line":70,"column":2}},"11":{"start":{"line":67,"column":34},"end":{"line":70,"column":1}}},"fnMap":{"0":{"name":"(anonymous_0)","decl":{"start":{"line":11,"column":25},"end":{"line":11,"column":26}},"loc":{"start":{"line":16,"column":6},"end":{"line":54,"column":1}},"line":16},"1":{"name":"(anonymous_1)","decl":{"start":{"line":19,"column":4},"end":{"line":19,"column":5}},"loc":{"start":{"line":19,"column":13},"end":{"line":30,"column":5}},"line":19},"2":{"name":"(anonymous_2)","decl":{"start":{"line":67,"column":24},"end":{"line":67,"column":25}},"loc":{"start":{"line":67,"column":34},"end":{"line":70,"column":1}},"line":67}},"branchMap":{},"s":{"0":1,"1":3,"2":3,"3":1,"4":1,"5":1,"6":1,"7":1,"8":3,"9":1,"10":1,"11":3},"f":{"0":3,"1":1,"2":3},"b":{},"_coverageSchema":"1a1c01bbd47fc00a2c39e90264f33305004495a9","hash":"a75d52bfeaca5722c8b006aea3f82aa1bd6fbf36"}
,"/Users/jmesa/Documents/marsRover/src/components/LogObstacles.js": {"path":"/Users/jmesa/Documents/marsRover/src/components/LogObstacles.js","statementMap":{"0":{"start":{"line":10,"column":21},"end":{"line":34,"column":1}},"1":{"start":{"line":11,"column":31},"end":{"line":14,"column":3}},"2":{"start":{"line":12,"column":16},"end":{"line":12,"column":40}},"3":{"start":{"line":16,"column":2},"end":{"line":33,"column":4}},"4":{"start":{"line":21,"column":10},"end":{"line":29,"column":14}},"5":{"start":{"line":25,"column":29},"end":{"line":25,"column":59}},"6":{"start":{"line":36,"column":27},"end":{"line":50,"column":1}},"7":{"start":{"line":52,"column":24},"end":{"line":54,"column":2}},"8":{"start":{"line":52,"column":34},"end":{"line":54,"column":1}}},"fnMap":{"0":{"name":"(anonymous_0)","decl":{"start":{"line":10,"column":21},"end":{"line":10,"column":22}},"loc":{"start":{"line":10,"column":67},"end":{"line":34,"column":1}},"line":10},"1":{"name":"(anonymous_1)","decl":{"start":{"line":12,"column":4},"end":{"line":12,"column":5}},"loc":{"start":{"line":12,"column":16},"end":{"line":12,"column":40}},"line":12},"2":{"name":"(anonymous_2)","decl":{"start":{"line":20,"column":23},"end":{"line":20,"column":24}},"loc":{"start":{"line":21,"column":10},"end":{"line":29,"column":14}},"line":21},"3":{"name":"(anonymous_3)","decl":{"start":{"line":25,"column":23},"end":{"line":25,"column":24}},"loc":{"start":{"line":25,"column":29},"end":{"line":25,"column":59}},"line":25},"4":{"name":"(anonymous_4)","decl":{"start":{"line":52,"column":24},"end":{"line":52,"column":25}},"loc":{"start":{"line":52,"column":34},"end":{"line":54,"column":1}},"line":52}},"branchMap":{},"s":{"0":1,"1":3,"2":1,"3":3,"4":15,"5":1,"6":1,"7":1,"8":3},"f":{"0":3,"1":1,"2":15,"3":1,"4":3},"b":{},"_coverageSchema":"1a1c01bbd47fc00a2c39e90264f33305004495a9","hash":"e68cb3a04bd0ec767611d44da57389fa2554b6c6"}
,"/Users/jmesa/Documents/marsRover/src/components/LogPosition.js": {"path":"/Users/jmesa/Documents/marsRover/src/components/LogPosition.js","statementMap":{"0":{"start":{"line":10,"column":19},"end":{"line":15,"column":1}},"1":{"start":{"line":11,"column":2},"end":{"line":13,"column":3}},"2":{"start":{"line":12,"column":4},"end":{"line":12,"column":20}},"3":{"start":{"line":14,"column":2},"end":{"line":14,"column":44}},"4":{"start":{"line":17,"column":20},"end":{"line":52,"column":1}},"5":{"start":{"line":22,"column":25},"end":{"line":24,"column":4}},"6":{"start":{"line":26,"column":2},"end":{"line":51,"column":4}},"7":{"start":{"line":45,"column":14},"end":{"line":45,"column":51}},"8":{"start":{"line":54,"column":26},"end":{"line":85,"column":1}},"9":{"start":{"line":87,"column":24},"end":{"line":89,"column":2}},"10":{"start":{"line":87,"column":34},"end":{"line":89,"column":1}}},"fnMap":{"0":{"name":"(anonymous_0)","decl":{"start":{"line":10,"column":19},"end":{"line":10,"column":20}},"loc":{"start":{"line":10,"column":31},"end":{"line":15,"column":1}},"line":10},"1":{"name":"(anonymous_1)","decl":{"start":{"line":17,"column":20},"end":{"line":17,"column":21}},"loc":{"start":{"line":21,"column":6},"end":{"line":52,"column":1}},"line":21},"2":{"name":"(anonymous_2)","decl":{"start":{"line":44,"column":21},"end":{"line":44,"column":22}},"loc":{"start":{"line":45,"column":14},"end":{"line":45,"column":51}},"line":45},"3":{"name":"(anonymous_3)","decl":{"start":{"line":87,"column":24},"end":{"line":87,"column":25}},"loc":{"start":{"line":87,"column":34},"end":{"line":89,"column":1}},"line":87}},"branchMap":{"0":{"loc":{"start":{"line":11,"column":2},"end":{"line":13,"column":3}},"type":"if","locations":[{"start":{"line":11,"column":2},"end":{"line":13,"column":3}},{"start":{"line":11,"column":2},"end":{"line":13,"column":3}}],"line":11},"1":{"loc":{"start":{"line":28,"column":7},"end":{"line":35,"column":7}},"type":"binary-expr","locations":[{"start":{"line":28,"column":7},"end":{"line":28,"column":14}},{"start":{"line":29,"column":8},"end":{"line":34,"column":14}}],"line":28},"2":{"loc":{"start":{"line":40,"column":7},"end":{"line":49,"column":7}},"type":"binary-expr","locations":[{"start":{"line":40,"column":7},"end":{"line":40,"column":19}},{"start":{"line":41,"column":8},"end":{"line":48,"column":11}}],"line":40}},"s":{"0":1,"1":9,"2":3,"3":6,"4":1,"5":3,"6":3,"7":9,"8":1,"9":1,"10":3},"f":{"0":9,"1":3,"2":9,"3":3},"b":{"0":[3,6],"1":[3,3],"2":[3,3]},"_coverageSchema":"1a1c01bbd47fc00a2c39e90264f33305004495a9","hash":"7007c8f8316a5c004fcb71284600073a5f7188b6"}
,"/Users/jmesa/Documents/marsRover/src/components/RandomObstacleButton.js": {"path":"/Users/jmesa/Documents/marsRover/src/components/RandomObstacleButton.js","statementMap":{"0":{"start":{"line":11,"column":29},"end":{"line":28,"column":1}},"1":{"start":{"line":17,"column":37},"end":{"line":23,"column":3}},"2":{"start":{"line":19,"column":6},"end":{"line":21,"column":7}},"3":{"start":{"line":25,"column":2},"end":{"line":27,"column":4}},"4":{"start":{"line":30,"column":24},"end":{"line":34,"column":2}},"5":{"start":{"line":30,"column":34},"end":{"line":34,"column":1}}},"fnMap":{"0":{"name":"(anonymous_0)","decl":{"start":{"line":11,"column":29},"end":{"line":11,"column":30}},"loc":{"start":{"line":16,"column":6},"end":{"line":28,"column":1}},"line":16},"1":{"name":"(anonymous_1)","decl":{"start":{"line":18,"column":4},"end":{"line":18,"column":5}},"loc":{"start":{"line":19,"column":6},"end":{"line":21,"column":7}},"line":19},"2":{"name":"(anonymous_2)","decl":{"start":{"line":30,"column":24},"end":{"line":30,"column":25}},"loc":{"start":{"line":30,"column":34},"end":{"line":34,"column":1}},"line":30}},"branchMap":{},"s":{"0":1,"1":3,"2":1,"3":3,"4":1,"5":3},"f":{"0":3,"1":1,"2":3},"b":{},"_coverageSchema":"1a1c01bbd47fc00a2c39e90264f33305004495a9","hash":"294e0d35a6bf34b233b28734c983da819dd17a38"}
,"/Users/jmesa/Documents/marsRover/src/components/Title.js": {"path":"/Users/jmesa/Documents/marsRover/src/components/Title.js","statementMap":{"0":{"start":{"line":4,"column":14},"end":{"line":6,"column":1}},"1":{"start":{"line":5,"column":2},"end":{"line":5,"column":51}},"2":{"start":{"line":8,"column":20},"end":{"line":10,"column":1}}},"fnMap":{"0":{"name":"(anonymous_0)","decl":{"start":{"line":4,"column":14},"end":{"line":4,"column":15}},"loc":{"start":{"line":5,"column":2},"end":{"line":5,"column":51}},"line":5}},"branchMap":{},"s":{"0":1,"1":2,"2":1},"f":{"0":2},"b":{},"_coverageSchema":"1a1c01bbd47fc00a2c39e90264f33305004495a9","hash":"7437a656d09919327ca19cd2d3d96a6952ce1ded"}
,"/Users/jmesa/Documents/marsRover/src/components/library/Button.js": {"path":"/Users/jmesa/Documents/marsRover/src/components/library/Button.js","statementMap":{"0":{"start":{"line":4,"column":15},"end":{"line":6,"column":1}},"1":{"start":{"line":5,"column":2},"end":{"line":5,"column":45}},"2":{"start":{"line":8,"column":21},"end":{"line":10,"column":1}}},"fnMap":{"0":{"name":"(anonymous_0)","decl":{"start":{"line":4,"column":15},"end":{"line":4,"column":16}},"loc":{"start":{"line":5,"column":2},"end":{"line":5,"column":45}},"line":5}},"branchMap":{},"s":{"0":4,"1":23,"2":4},"f":{"0":23},"b":{},"_coverageSchema":"1a1c01bbd47fc00a2c39e90264f33305004495a9","hash":"056c7dbdbbab8a71c6755a09cabe854aaaf9e51f"}
,"/Users/jmesa/Documents/marsRover/src/components/library/Input.js": {"path":"/Users/jmesa/Documents/marsRover/src/components/library/Input.js","statementMap":{"0":{"start":{"line":4,"column":14},"end":{"line":4,"column":78}},"1":{"start":{"line":4,"column":47},"end":{"line":4,"column":77}},"2":{"start":{"line":6,"column":29},"end":{"line":14,"column":1}},"3":{"start":{"line":7,"column":2},"end":{"line":13,"column":3}},"4":{"start":{"line":10,"column":6},"end":{"line":10,"column":32}},"5":{"start":{"line":12,"column":6},"end":{"line":12,"column":16}},"6":{"start":{"line":16,"column":20},"end":{"line":18,"column":1}},"7":{"start":{"line":17,"column":18},"end":{"line":17,"column":44}}},"fnMap":{"0":{"name":"(anonymous_0)","decl":{"start":{"line":4,"column":31},"end":{"line":4,"column":32}},"loc":{"start":{"line":4,"column":47},"end":{"line":4,"column":77}},"line":4},"1":{"name":"(anonymous_1)","decl":{"start":{"line":6,"column":29},"end":{"line":6,"column":30}},"loc":{"start":{"line":6,"column":37},"end":{"line":14,"column":1}},"line":6},"2":{"name":"(anonymous_2)","decl":{"start":{"line":17,"column":4},"end":{"line":17,"column":5}},"loc":{"start":{"line":17,"column":18},"end":{"line":17,"column":44}},"line":17}},"branchMap":{"0":{"loc":{"start":{"line":7,"column":2},"end":{"line":13,"column":3}},"type":"switch","locations":[{"start":{"line":8,"column":4},"end":{"line":8,"column":18}},{"start":{"line":9,"column":4},"end":{"line":10,"column":32}},{"start":{"line":11,"column":4},"end":{"line":12,"column":16}}],"line":7}},"s":{"0":2,"1":13,"2":2,"3":13,"4":8,"5":5,"6":2,"7":13},"f":{"0":13,"1":13,"2":13},"b":{"0":[4,8,5]},"_coverageSchema":"1a1c01bbd47fc00a2c39e90264f33305004495a9","hash":"e40fcfdc7e537562240c0cdb9dc1ce71ddf1c4af"}
,"/Users/jmesa/Documents/marsRover/src/pages/Home.js": {"path":"/Users/jmesa/Documents/marsRover/src/pages/Home.js","statementMap":{"0":{"start":{"line":25,"column":13},"end":{"line":78,"column":1}},"1":{"start":{"line":34,"column":2},"end":{"line":39,"column":48}},"2":{"start":{"line":35,"column":33},"end":{"line":35,"column":78}},"3":{"start":{"line":36,"column":26},"end":{"line":36,"column":76}},"4":{"start":{"line":37,"column":4},"end":{"line":37,"column":42}},"5":{"start":{"line":38,"column":4},"end":{"line":38,"column":36}},"6":{"start":{"line":41,"column":2},"end":{"line":55,"column":57}},"7":{"start":{"line":42,"column":26},"end":{"line":52,"column":5}},"8":{"start":{"line":43,"column":23},"end":{"line":43,"column":28}},"9":{"start":{"line":44,"column":6},"end":{"line":51,"column":7}},"10":{"start":{"line":48,"column":10},"end":{"line":48,"column":76}},"11":{"start":{"line":50,"column":10},"end":{"line":50,"column":22}},"12":{"start":{"line":53,"column":4},"end":{"line":53,"column":56}},"13":{"start":{"line":54,"column":4},"end":{"line":54,"column":72}},"14":{"start":{"line":54,"column":17},"end":{"line":54,"column":71}},"15":{"start":{"line":57,"column":2},"end":{"line":61,"column":19}},"16":{"start":{"line":58,"column":4},"end":{"line":60,"column":6}},"17":{"start":{"line":59,"column":6},"end":{"line":59,"column":19}},"18":{"start":{"line":63,"column":2},"end":{"line":77,"column":4}},"19":{"start":{"line":80,"column":19},"end":{"line":87,"column":1}},"20":{"start":{"line":89,"column":24},"end":{"line":92,"column":2}},"21":{"start":{"line":89,"column":34},"end":{"line":92,"column":1}}},"fnMap":{"0":{"name":"(anonymous_0)","decl":{"start":{"line":25,"column":13},"end":{"line":25,"column":14}},"loc":{"start":{"line":33,"column":6},"end":{"line":78,"column":1}},"line":33},"1":{"name":"(anonymous_1)","decl":{"start":{"line":34,"column":12},"end":{"line":34,"column":13}},"loc":{"start":{"line":34,"column":18},"end":{"line":39,"column":3}},"line":34},"2":{"name":"(anonymous_2)","decl":{"start":{"line":41,"column":12},"end":{"line":41,"column":13}},"loc":{"start":{"line":41,"column":18},"end":{"line":55,"column":3}},"line":41},"3":{"name":"(anonymous_3)","decl":{"start":{"line":42,"column":26},"end":{"line":42,"column":27}},"loc":{"start":{"line":42,"column":35},"end":{"line":52,"column":5}},"line":42},"4":{"name":"(anonymous_4)","decl":{"start":{"line":54,"column":11},"end":{"line":54,"column":12}},"loc":{"start":{"line":54,"column":17},"end":{"line":54,"column":71}},"line":54},"5":{"name":"(anonymous_5)","decl":{"start":{"line":57,"column":12},"end":{"line":57,"column":13}},"loc":{"start":{"line":57,"column":18},"end":{"line":61,"column":3}},"line":57},"6":{"name":"(anonymous_6)","decl":{"start":{"line":58,"column":11},"end":{"line":58,"column":12}},"loc":{"start":{"line":58,"column":17},"end":{"line":60,"column":5}},"line":58},"7":{"name":"(anonymous_7)","decl":{"start":{"line":89,"column":24},"end":{"line":89,"column":25}},"loc":{"start":{"line":89,"column":34},"end":{"line":92,"column":1}},"line":89}},"branchMap":{"0":{"loc":{"start":{"line":44,"column":6},"end":{"line":51,"column":7}},"type":"switch","locations":[{"start":{"line":45,"column":8},"end":{"line":45,"column":31}},{"start":{"line":46,"column":8},"end":{"line":46,"column":31}},{"start":{"line":47,"column":8},"end":{"line":48,"column":76}},{"start":{"line":49,"column":8},"end":{"line":50,"column":22}}],"line":44}},"s":{"0":1,"1":8,"2":8,"3":8,"4":8,"5":8,"6":8,"7":8,"8":4,"9":4,"10":3,"11":1,"12":8,"13":8,"14":8,"15":8,"16":8,"17":8,"18":8,"19":1,"20":1,"21":8},"f":{"0":8,"1":8,"2":8,"3":4,"4":8,"5":8,"6":8,"7":8},"b":{"0":[1,2,3,1]},"_coverageSchema":"1a1c01bbd47fc00a2c39e90264f33305004495a9","hash":"7913c8eb6d10198281f9cd904bb750bdcf8cd8ed"}
,"/Users/jmesa/Documents/marsRover/src/reducers/grid.js": {"path":"/Users/jmesa/Documents/marsRover/src/reducers/grid.js","statementMap":{"0":{"start":{"line":3,"column":21},"end":{"line":3,"column":37}},"1":{"start":{"line":5,"column":13},"end":{"line":13,"column":1}},"2":{"start":{"line":6,"column":2},"end":{"line":12,"column":3}},"3":{"start":{"line":8,"column":6},"end":{"line":8,"column":26}},"4":{"start":{"line":11,"column":6},"end":{"line":11,"column":19}}},"fnMap":{"0":{"name":"(anonymous_0)","decl":{"start":{"line":5,"column":13},"end":{"line":5,"column":14}},"loc":{"start":{"line":5,"column":47},"end":{"line":13,"column":1}},"line":5}},"branchMap":{"0":{"loc":{"start":{"line":5,"column":14},"end":{"line":5,"column":34}},"type":"default-arg","locations":[{"start":{"line":5,"column":22},"end":{"line":5,"column":34}}],"line":5},"1":{"loc":{"start":{"line":6,"column":2},"end":{"line":12,"column":3}},"type":"switch","locations":[{"start":{"line":7,"column":4},"end":{"line":8,"column":26}},{"start":{"line":10,"column":4},"end":{"line":11,"column":19}}],"line":6}},"s":{"0":8,"1":8,"2":17,"3":1,"4":16},"f":{"0":17},"b":{"0":[17],"1":[1,16]},"_coverageSchema":"1a1c01bbd47fc00a2c39e90264f33305004495a9","hash":"5d6ff24d48f13f6e56050fd06b8adb493da7a113"}
,"/Users/jmesa/Documents/marsRover/src/reducers/index.js": {"path":"/Users/jmesa/Documents/marsRover/src/reducers/index.js","statementMap":{"0":{"start":{"line":7,"column":17},"end":{"line":11,"column":1}},"1":{"start":{"line":13,"column":23},"end":{"line":13,"column":42}},"2":{"start":{"line":13,"column":32},"end":{"line":13,"column":42}},"3":{"start":{"line":14,"column":28},"end":{"line":14,"column":52}},"4":{"start":{"line":14,"column":37},"end":{"line":14,"column":52}},"5":{"start":{"line":15,"column":24},"end":{"line":15,"column":44}},"6":{"start":{"line":15,"column":33},"end":{"line":15,"column":44}}},"fnMap":{"0":{"name":"(anonymous_0)","decl":{"start":{"line":13,"column":23},"end":{"line":13,"column":24}},"loc":{"start":{"line":13,"column":32},"end":{"line":13,"column":42}},"line":13},"1":{"name":"(anonymous_1)","decl":{"start":{"line":14,"column":28},"end":{"line":14,"column":29}},"loc":{"start":{"line":14,"column":37},"end":{"line":14,"column":52}},"line":14},"2":{"name":"(anonymous_2)","decl":{"start":{"line":15,"column":24},"end":{"line":15,"column":25}},"loc":{"start":{"line":15,"column":33},"end":{"line":15,"column":44}},"line":15}},"branchMap":{},"s":{"0":7,"1":7,"2":1,"3":7,"4":1,"5":7,"6":1},"f":{"0":1,"1":1,"2":1},"b":{},"_coverageSchema":"1a1c01bbd47fc00a2c39e90264f33305004495a9","hash":"135c29bd586d3e66de0bf853a5303296455f4352"}
,"/Users/jmesa/Documents/marsRover/src/reducers/obstacles.js": {"path":"/Users/jmesa/Documents/marsRover/src/reducers/obstacles.js","statementMap":{"0":{"start":{"line":7,"column":21},"end":{"line":7,"column":23}},"1":{"start":{"line":9,"column":13},"end":{"line":35,"column":1}},"2":{"start":{"line":10,"column":2},"end":{"line":34,"column":3}},"3":{"start":{"line":12,"column":6},"end":{"line":12,"column":26}},"4":{"start":{"line":15,"column":27},"end":{"line":15,"column":41}},"5":{"start":{"line":17,"column":23},"end":{"line":17,"column":33}},"6":{"start":{"line":18,"column":28},"end":{"line":20,"column":7}},"7":{"start":{"line":19,"column":22},"end":{"line":19,"column":58}},"8":{"start":{"line":22,"column":6},"end":{"line":22,"column":40}},"9":{"start":{"line":24,"column":6},"end":{"line":24,"column":22}},"10":{"start":{"line":28,"column":28},"end":{"line":28,"column":42}},"11":{"start":{"line":29,"column":6},"end":{"line":29,"column":38}},"12":{"start":{"line":33,"column":6},"end":{"line":33,"column":19}}},"fnMap":{"0":{"name":"(anonymous_0)","decl":{"start":{"line":9,"column":13},"end":{"line":9,"column":14}},"loc":{"start":{"line":9,"column":47},"end":{"line":35,"column":1}},"line":9},"1":{"name":"(anonymous_1)","decl":{"start":{"line":19,"column":8},"end":{"line":19,"column":9}},"loc":{"start":{"line":19,"column":22},"end":{"line":19,"column":58}},"line":19}},"branchMap":{"0":{"loc":{"start":{"line":9,"column":14},"end":{"line":9,"column":34}},"type":"default-arg","locations":[{"start":{"line":9,"column":22},"end":{"line":9,"column":34}}],"line":9},"1":{"loc":{"start":{"line":10,"column":2},"end":{"line":34,"column":3}},"type":"switch","locations":[{"start":{"line":11,"column":4},"end":{"line":12,"column":26}},{"start":{"line":14,"column":4},"end":{"line":25,"column":5}},{"start":{"line":27,"column":4},"end":{"line":30,"column":5}},{"start":{"line":32,"column":4},"end":{"line":33,"column":19}}],"line":10},"2":{"loc":{"start":{"line":19,"column":22},"end":{"line":19,"column":58}},"type":"binary-expr","locations":[{"start":{"line":19,"column":22},"end":{"line":19,"column":38}},{"start":{"line":19,"column":42},"end":{"line":19,"column":58}}],"line":19}},"s":{"0":8,"1":8,"2":19,"3":1,"4":1,"5":1,"6":1,"7":2,"8":1,"9":1,"10":1,"11":1,"12":16},"f":{"0":19,"1":2},"b":{"0":[17],"1":[1,1,1,16],"2":[2,1]},"_coverageSchema":"1a1c01bbd47fc00a2c39e90264f33305004495a9","hash":"8406d52fee1d161a68cc918966fc386f7a253d75"}
,"/Users/jmesa/Documents/marsRover/src/reducers/rover.js": {"path":"/Users/jmesa/Documents/marsRover/src/reducers/rover.js","statementMap":{"0":{"start":{"line":13,"column":21},"end":{"line":17,"column":1}},"1":{"start":{"line":19,"column":14},"end":{"line":81,"column":1}},"2":{"start":{"line":20,"column":2},"end":{"line":80,"column":3}},"3":{"start":{"line":22,"column":6},"end":{"line":22,"column":26}},"4":{"start":{"line":25,"column":6},"end":{"line":25,"column":35}},"5":{"start":{"line":28,"column":59},"end":{"line":28,"column":73}},"6":{"start":{"line":29,"column":32},"end":{"line":29,"column":49}},"7":{"start":{"line":30,"column":21},"end":{"line":30,"column":33}},"8":{"start":{"line":32,"column":6},"end":{"line":46,"column":9}},"9":{"start":{"line":33,"column":30},"end":{"line":33,"column":71}},"10":{"start":{"line":34,"column":39},"end":{"line":34,"column":47}},"11":{"start":{"line":36,"column":8},"end":{"line":45,"column":9}},"12":{"start":{"line":37,"column":10},"end":{"line":44,"column":13}},"13":{"start":{"line":47,"column":6},"end":{"line":47,"column":22}},"14":{"start":{"line":51,"column":51},"end":{"line":51,"column":65}},"15":{"start":{"line":52,"column":28},"end":{"line":52,"column":58}},"16":{"start":{"line":53,"column":37},"end":{"line":53,"column":42}},"17":{"start":{"line":55,"column":6},"end":{"line":62,"column":9}},"18":{"start":{"line":66,"column":27},"end":{"line":66,"column":41}},"19":{"start":{"line":67,"column":18},"end":{"line":69,"column":24}},"20":{"start":{"line":71,"column":6},"end":{"line":75,"column":8}},"21":{"start":{"line":79,"column":6},"end":{"line":79,"column":19}}},"fnMap":{"0":{"name":"(anonymous_0)","decl":{"start":{"line":19,"column":14},"end":{"line":19,"column":15}},"loc":{"start":{"line":19,"column":48},"end":{"line":81,"column":1}},"line":19},"1":{"name":"(anonymous_1)","decl":{"start":{"line":32,"column":32},"end":{"line":32,"column":33}},"loc":{"start":{"line":32,"column":47},"end":{"line":46,"column":7}},"line":32}},"branchMap":{"0":{"loc":{"start":{"line":19,"column":15},"end":{"line":19,"column":35}},"type":"default-arg","locations":[{"start":{"line":19,"column":23},"end":{"line":19,"column":35}}],"line":19},"1":{"loc":{"start":{"line":20,"column":2},"end":{"line":80,"column":3}},"type":"switch","locations":[{"start":{"line":21,"column":4},"end":{"line":22,"column":26}},{"start":{"line":24,"column":4},"end":{"line":25,"column":35}},{"start":{"line":27,"column":4},"end":{"line":48,"column":5}},{"start":{"line":50,"column":4},"end":{"line":63,"column":5}},{"start":{"line":65,"column":4},"end":{"line":76,"column":5}},{"start":{"line":78,"column":4},"end":{"line":79,"column":19}}],"line":20},"2":{"loc":{"start":{"line":36,"column":8},"end":{"line":45,"column":9}},"type":"if","locations":[{"start":{"line":36,"column":8},"end":{"line":45,"column":9}},{"start":{"line":36,"column":8},"end":{"line":45,"column":9}}],"line":36},"3":{"loc":{"start":{"line":67,"column":18},"end":{"line":69,"column":24}},"type":"cond-expr","locations":[{"start":{"line":68,"column":10},"end":{"line":68,"column":49}},{"start":{"line":69,"column":10},"end":{"line":69,"column":24}}],"line":67}},"s":{"0":8,"1":8,"2":25,"3":1,"4":1,"5":3,"6":3,"7":3,"8":3,"9":9,"10":9,"11":9,"12":6,"13":3,"14":2,"15":2,"16":2,"17":2,"18":2,"19":2,"20":2,"21":16},"f":{"0":25,"1":9},"b":{"0":[17],"1":[1,1,3,2,2,16],"2":[6,3],"3":[1,1]},"_coverageSchema":"1a1c01bbd47fc00a2c39e90264f33305004495a9","hash":"0f5cc9212c9de01eeb58f25dc60dc8e79bc7c1a1"}
,"/Users/jmesa/Documents/marsRover/src/reducers/helpers/roverHelpers.js": {"path":"/Users/jmesa/Documents/marsRover/src/reducers/helpers/roverHelpers.js","statementMap":{"0":{"start":{"line":4,"column":25},"end":{"line":4,"column":66}},"1":{"start":{"line":4,"column":39},"end":{"line":4,"column":66}},"2":{"start":{"line":6,"column":33},"end":{"line":21,"column":1}},"3":{"start":{"line":13,"column":2},"end":{"line":19,"column":3}},"4":{"start":{"line":14,"column":4},"end":{"line":18,"column":6}},"5":{"start":{"line":20,"column":2},"end":{"line":20,"column":74}},"6":{"start":{"line":23,"column":32},"end":{"line":180,"column":1}},"7":{"start":{"line":31,"column":22},"end":{"line":31,"column":36}},"8":{"start":{"line":32,"column":2},"end":{"line":179,"column":3}},"9":{"start":{"line":34,"column":6},"end":{"line":77,"column":7}},"10":{"start":{"line":36,"column":10},"end":{"line":36,"column":44}},"11":{"start":{"line":37,"column":10},"end":{"line":43,"column":13}},"12":{"start":{"line":46,"column":10},"end":{"line":46,"column":44}},"13":{"start":{"line":47,"column":10},"end":{"line":53,"column":13}},"14":{"start":{"line":56,"column":10},"end":{"line":56,"column":44}},"15":{"start":{"line":57,"column":10},"end":{"line":63,"column":13}},"16":{"start":{"line":66,"column":10},"end":{"line":66,"column":44}},"17":{"start":{"line":67,"column":10},"end":{"line":73,"column":13}},"18":{"start":{"line":76,"column":10},"end":{"line":76,"column":23}},"19":{"start":{"line":80,"column":6},"end":{"line":127,"column":7}},"20":{"start":{"line":82,"column":10},"end":{"line":82,"column":44}},"21":{"start":{"line":83,"column":31},"end":{"line":83,"column":48}},"22":{"start":{"line":84,"column":10},"end":{"line":90,"column":13}},"23":{"start":{"line":93,"column":10},"end":{"line":93,"column":44}},"24":{"start":{"line":94,"column":31},"end":{"line":94,"column":48}},"25":{"start":{"line":95,"column":10},"end":{"line":101,"column":13}},"26":{"start":{"line":104,"column":10},"end":{"line":104,"column":44}},"27":{"start":{"line":105,"column":31},"end":{"line":105,"column":48}},"28":{"start":{"line":106,"column":10},"end":{"line":112,"column":13}},"29":{"start":{"line":115,"column":10},"end":{"line":115,"column":44}},"30":{"start":{"line":116,"column":31},"end":{"line":116,"column":48}},"31":{"start":{"line":117,"column":10},"end":{"line":123,"column":13}},"32":{"start":{"line":126,"column":10},"end":{"line":126,"column":23}},"33":{"start":{"line":129,"column":6},"end":{"line":176,"column":7}},"34":{"start":{"line":131,"column":10},"end":{"line":131,"column":44}},"35":{"start":{"line":132,"column":31},"end":{"line":132,"column":48}},"36":{"start":{"line":133,"column":10},"end":{"line":139,"column":13}},"37":{"start":{"line":142,"column":10},"end":{"line":142,"column":44}},"38":{"start":{"line":143,"column":31},"end":{"line":143,"column":48}},"39":{"start":{"line":144,"column":10},"end":{"line":150,"column":13}},"40":{"start":{"line":153,"column":10},"end":{"line":153,"column":44}},"41":{"start":{"line":154,"column":31},"end":{"line":154,"column":48}},"42":{"start":{"line":155,"column":10},"end":{"line":161,"column":13}},"43":{"start":{"line":164,"column":10},"end":{"line":164,"column":44}},"44":{"start":{"line":165,"column":31},"end":{"line":165,"column":48}},"45":{"start":{"line":166,"column":10},"end":{"line":172,"column":13}},"46":{"start":{"line":175,"column":10},"end":{"line":175,"column":23}},"47":{"start":{"line":178,"column":6},"end":{"line":178,"column":19}}},"fnMap":{"0":{"name":"(anonymous_0)","decl":{"start":{"line":4,"column":25},"end":{"line":4,"column":26}},"loc":{"start":{"line":4,"column":39},"end":{"line":4,"column":66}},"line":4},"1":{"name":"(anonymous_1)","decl":{"start":{"line":6,"column":33},"end":{"line":6,"column":34}},"loc":{"start":{"line":12,"column":6},"end":{"line":21,"column":1}},"line":12},"2":{"name":"(anonymous_2)","decl":{"start":{"line":23,"column":32},"end":{"line":23,"column":33}},"loc":{"start":{"line":30,"column":6},"end":{"line":180,"column":1}},"line":30}},"branchMap":{"0":{"loc":{"start":{"line":13,"column":2},"end":{"line":19,"column":3}},"type":"if","locations":[{"start":{"line":13,"column":2},"end":{"line":19,"column":3}},{"start":{"line":13,"column":2},"end":{"line":19,"column":3}}],"line":13},"1":{"loc":{"start":{"line":32,"column":2},"end":{"line":179,"column":3}},"type":"switch","locations":[{"start":{"line":33,"column":4},"end":{"line":78,"column":5}},{"start":{"line":79,"column":4},"end":{"line":127,"column":7}},{"start":{"line":128,"column":4},"end":{"line":176,"column":7}},{"start":{"line":177,"column":4},"end":{"line":178,"column":19}}],"line":32},"2":{"loc":{"start":{"line":34,"column":6},"end":{"line":77,"column":7}},"type":"switch","locations":[{"start":{"line":35,"column":8},"end":{"line":44,"column":9}},{"start":{"line":45,"column":8},"end":{"line":54,"column":9}},{"start":{"line":55,"column":8},"end":{"line":64,"column":9}},{"start":{"line":65,"column":8},"end":{"line":74,"column":9}},{"start":{"line":75,"column":8},"end":{"line":76,"column":23}}],"line":34},"3":{"loc":{"start":{"line":80,"column":6},"end":{"line":127,"column":7}},"type":"switch","locations":[{"start":{"line":81,"column":8},"end":{"line":91,"column":9}},{"start":{"line":92,"column":8},"end":{"line":102,"column":9}},{"start":{"line":103,"column":8},"end":{"line":113,"column":9}},{"start":{"line":114,"column":8},"end":{"line":124,"column":9}},{"start":{"line":125,"column":8},"end":{"line":126,"column":23}}],"line":80},"4":{"loc":{"start":{"line":129,"column":6},"end":{"line":176,"column":7}},"type":"switch","locations":[{"start":{"line":130,"column":8},"end":{"line":140,"column":9}},{"start":{"line":141,"column":8},"end":{"line":151,"column":9}},{"start":{"line":152,"column":8},"end":{"line":162,"column":9}},{"start":{"line":163,"column":8},"end":{"line":173,"column":9}},{"start":{"line":174,"column":8},"end":{"line":175,"column":23}}],"line":129}},"s":{"0":9,"1":3,"2":9,"3":20,"4":17,"5":3,"6":9,"7":24,"8":24,"9":13,"10":9,"11":9,"12":1,"13":1,"14":1,"15":1,"16":1,"17":1,"18":1,"19":5,"20":1,"21":1,"22":1,"23":1,"24":1,"25":1,"26":1,"27":1,"28":1,"29":1,"30":1,"31":1,"32":1,"33":5,"34":1,"35":1,"36":1,"37":1,"38":1,"39":1,"40":1,"41":1,"42":1,"43":1,"44":1,"45":1,"46":1,"47":1},"f":{"0":3,"1":20,"2":24},"b":{"0":[17,3],"1":[13,5,5,1],"2":[9,1,1,1,1],"3":[1,1,1,1,1],"4":[1,1,1,1,1]},"_coverageSchema":"1a1c01bbd47fc00a2c39e90264f33305004495a9","hash":"e68244d19a27624b59ec70fae50f6fb4e10f4fd7"}
}
