TN:
SF:src/actions/actionTypes.js
FNF:0
FNH:0
DA:1,18
DA:2,18
DA:3,18
DA:4,18
DA:5,18
DA:6,18
DA:7,18
DA:8,18
LF:8
LH:8
BRF:0
BRH:0
end_of_record
TN:
SF:src/actions/obstaclesActions.js
FN:3,(anonymous_0)
FN:10,(anonymous_1)
FNF:2
FNH:2
FNDA:1,(anonymous_0)
FNDA:1,(anonymous_1)
DA:3,4
DA:10,4
LF:2
LH:2
BRF:0
BRH:0
end_of_record
TN:
SF:src/actions/roverActions.js
FN:9,(anonymous_0)
FN:13,(anonymous_1)
FN:17,(anonymous_2)
FN:30,(anonymous_3)
FN:39,(anonymous_4)
FNF:5
FNH:5
FNDA:1,(anonymous_0)
FNDA:1,(anonymous_1)
FNDA:1,(anonymous_2)
FNDA:1,(anonymous_3)
FNDA:1,(anonymous_4)
DA:9,4
DA:13,4
DA:17,4
DA:21,1
DA:30,4
DA:39,4
LF:6
LH:6
BRF:0
BRH:0
end_of_record
TN:
SF:src/common/constants.js
FNF:0
FNH:0
DA:1,13
DA:3,13
DA:9,13
DA:16,13
LF:4
LH:4
BRF:0
BRH:0
end_of_record
TN:
SF:src/common/helpers.js
FN:4,(anonymous_0)
FN:10,(anonymous_1)
FN:12,(anonymous_2)
FN:15,(anonymous_3)
FN:32,(anonymous_4)
FN:56,(anonymous_5)
FN:64,(anonymous_6)
FN:80,(anonymous_7)
FN:91,(anonymous_8)
FN:104,(anonymous_9)
FNF:10
FNH:10
FNDA:20,(anonymous_0)
FNDA:27,(anonymous_1)
FNDA:14,(anonymous_2)
FNDA:7,(anonymous_3)
FNDA:4,(anonymous_4)
FNDA:9,(anonymous_5)
FNDA:2,(anonymous_6)
FNDA:7,(anonymous_7)
FNDA:6,(anonymous_8)
FNDA:20,(anonymous_9)
DA:4,13
DA:5,20
DA:10,13
DA:11,27
DA:12,14
DA:15,13
DA:16,7
DA:18,1
DA:21,3
DA:24,1
DA:28,2
DA:32,13
DA:37,4
DA:42,4
DA:45,4
DA:46,1
DA:53,3
DA:56,13
DA:57,9
DA:58,9
DA:60,9
DA:61,11
DA:62,11
DA:63,11
DA:64,2
DA:67,11
DA:68,10
DA:73,1
DA:77,9
DA:80,13
DA:81,7
DA:82,7
DA:84,7
DA:85,1
DA:88,6
DA:91,13
DA:92,6
DA:94,1
DA:96,1
DA:98,3
DA:100,1
DA:104,13
DA:109,20
DA:110,20
DA:112,20
LF:45
LH:45
BRDA:5,0,0,20
BRDA:5,0,1,20
BRDA:5,0,2,20
BRDA:5,0,3,20
BRDA:12,1,0,14
BRDA:12,1,1,5
BRDA:16,2,0,1
BRDA:16,2,1,3
BRDA:16,2,2,1
BRDA:16,2,3,1
BRDA:16,2,4,2
BRDA:42,3,0,4
BRDA:42,3,1,1
BRDA:45,4,0,1
BRDA:45,4,1,3
BRDA:56,5,0,8
BRDA:64,6,0,2
BRDA:64,6,1,1
BRDA:67,7,0,10
BRDA:67,7,1,1
BRDA:84,8,0,1
BRDA:84,8,1,6
BRDA:92,9,0,1
BRDA:92,9,1,1
BRDA:92,9,2,3
BRDA:92,9,3,1
BRDA:112,10,0,20
BRDA:112,10,1,17
BRF:28
BRH:28
end_of_record
TN:
SF:src/common/testHelpers.js
FN:3,(anonymous_0)
FNF:1
FNH:1
FNDA:46,(anonymous_0)
DA:3,2
DA:4,46
DA:5,46
LF:3
LH:3
BRF:0
BRH:0
end_of_record
TN:
SF:src/components/Actions.js
FN:8,(anonymous_0)
FNF:1
FNH:1
FNDA:2,(anonymous_0)
DA:8,1
DA:9,2
DA:16,1
LF:3
LH:3
BRF:0
BRH:0
end_of_record
TN:
SF:src/components/Description.js
FN:4,(anonymous_0)
FNF:1
FNH:1
FNDA:2,(anonymous_0)
DA:4,1
DA:5,2
DA:48,1
LF:3
LH:3
BRF:0
BRH:0
end_of_record
TN:
SF:src/components/Grid.js
FN:8,(anonymous_0)
FN:14,(anonymous_1)
FN:35,(anonymous_2)
FN:70,(anonymous_3)
FN:105,(anonymous_4)
FNF:5
FNH:5
FNDA:2,(anonymous_0)
FNDA:2,(anonymous_1)
FNDA:242,(anonymous_2)
FNDA:12,(anonymous_3)
FNDA:2,(anonymous_4)
DA:8,1
DA:14,2
DA:15,2
DA:16,2
DA:17,2
DA:18,2
DA:19,2
DA:20,2
DA:21,12
DA:22,12
DA:24,12
DA:25,132
DA:26,132
DA:27,132
DA:28,132
DA:29,132
DA:31,132
DA:32,2
DA:33,130
DA:34,92
DA:35,242
DA:37,92
DA:38,10
DA:39,10
DA:43,132
DA:60,12
DA:67,2
DA:70,12
DA:73,1
DA:105,2
LF:30
LH:30
BRDA:31,0,0,2
BRDA:31,0,1,130
BRDA:31,1,0,132
BRDA:31,1,1,12
BRDA:33,2,0,92
BRDA:33,2,1,38
BRDA:35,3,0,242
BRDA:35,3,1,28
BRDA:37,4,0,10
BRDA:37,4,1,82
BRDA:46,5,0,2
BRDA:46,5,1,130
BRDA:48,6,0,10
BRDA:48,6,1,120
BRDA:55,7,0,2
BRDA:55,7,1,130
BRF:16
BRH:16
end_of_record
TN:
SF:src/components/InstructionsForm.js
FN:10,(anonymous_0)
FN:18,(anonymous_1)
FN:56,(anonymous_2)
FNF:3
FNH:3
FNDA:3,(anonymous_0)
FNDA:1,(anonymous_1)
FNDA:3,(anonymous_2)
DA:10,1
DA:16,3
DA:17,3
DA:19,1
DA:20,1
DA:25,1
DA:30,3
DA:50,1
DA:56,3
LF:9
LH:9
BRF:0
BRH:0
end_of_record
TN:
SF:src/components/LogObstacles.js
FN:10,(anonymous_0)
FN:12,(anonymous_1)
FN:20,(anonymous_2)
FN:25,(anonymous_3)
FN:48,(anonymous_4)
FNF:5
FNH:5
FNDA:3,(anonymous_0)
FNDA:1,(anonymous_1)
FNDA:15,(anonymous_2)
FNDA:1,(anonymous_3)
FNDA:3,(anonymous_4)
DA:10,1
DA:11,3
DA:12,1
DA:16,3
DA:21,15
DA:25,1
DA:36,1
DA:48,3
LF:8
LH:8
BRF:0
BRH:0
end_of_record
TN:
SF:src/components/LogPosition.js
FN:10,(anonymous_0)
FN:17,(anonymous_1)
FN:43,(anonymous_2)
FN:70,(anonymous_3)
FNF:4
FNH:4
FNDA:9,(anonymous_0)
FNDA:3,(anonymous_1)
FNDA:9,(anonymous_2)
FNDA:3,(anonymous_3)
DA:10,1
DA:11,9
DA:12,3
DA:14,6
DA:17,1
DA:22,3
DA:26,3
DA:44,9
DA:51,1
DA:70,3
LF:10
LH:10
BRDA:11,0,0,3
BRDA:11,0,1,6
BRDA:28,1,0,3
BRDA:28,1,1,3
BRF:4
BRH:4
end_of_record
TN:
SF:src/components/RandomObstacleButton.js
FN:11,(anonymous_0)
FN:18,(anonymous_1)
FN:30,(anonymous_2)
FNF:3
FNH:3
FNDA:3,(anonymous_0)
FNDA:1,(anonymous_1)
FNDA:3,(anonymous_2)
DA:11,1
DA:17,3
DA:19,1
DA:25,3
DA:30,3
LF:5
LH:5
BRF:0
BRH:0
end_of_record
TN:
SF:src/components/Title.js
FN:4,(anonymous_0)
FNF:1
FNH:1
FNDA:2,(anonymous_0)
DA:4,1
DA:5,2
DA:8,1
LF:3
LH:3
BRF:0
BRH:0
end_of_record
TN:
SF:src/components/library/Button.js
FN:4,(anonymous_0)
FNF:1
FNH:1
FNDA:23,(anonymous_0)
DA:4,4
DA:5,23
DA:8,4
LF:3
LH:3
BRF:0
BRH:0
end_of_record
TN:
SF:src/components/library/Input.js
FN:4,(anonymous_0)
FN:6,(anonymous_1)
FN:17,(anonymous_2)
FNF:3
FNH:3
FNDA:13,(anonymous_0)
FNDA:13,(anonymous_1)
FNDA:13,(anonymous_2)
DA:4,13
DA:6,2
DA:7,13
DA:10,8
DA:12,5
DA:16,2
DA:17,13
LF:7
LH:7
BRDA:7,0,0,4
BRDA:7,0,1,8
BRDA:7,0,2,5
BRF:3
BRH:3
end_of_record
TN:
SF:src/pages/Home.js
FN:25,(anonymous_0)
FN:34,(anonymous_1)
FN:41,(anonymous_2)
FN:42,(anonymous_3)
FN:54,(anonymous_4)
FN:57,(anonymous_5)
FN:58,(anonymous_6)
FN:89,(anonymous_7)
FNF:8
FNH:8
FNDA:8,(anonymous_0)
FNDA:8,(anonymous_1)
FNDA:8,(anonymous_2)
FNDA:4,(anonymous_3)
FNDA:8,(anonymous_4)
FNDA:8,(anonymous_5)
FNDA:8,(anonymous_6)
FNDA:8,(anonymous_7)
DA:25,1
DA:34,8
DA:35,8
DA:36,8
DA:37,8
DA:38,8
DA:41,8
DA:42,8
DA:43,4
DA:44,4
DA:48,3
DA:50,1
DA:53,8
DA:54,8
DA:57,8
DA:58,8
DA:59,8
DA:63,8
DA:80,1
DA:89,8
LF:20
LH:20
BRDA:44,0,0,1
BRDA:44,0,1,2
BRDA:44,0,2,3
BRDA:44,0,3,1
BRF:4
BRH:4
end_of_record
TN:
SF:src/reducers/grid.js
FN:5,(anonymous_0)
FNF:1
FNH:1
FNDA:17,(anonymous_0)
DA:3,8
DA:5,8
DA:6,17
DA:8,1
DA:11,16
LF:5
LH:5
BRDA:5,0,0,17
BRDA:6,1,0,1
BRDA:6,1,1,16
BRF:3
BRH:3
end_of_record
TN:
SF:src/reducers/index.js
FN:13,(anonymous_0)
FN:14,(anonymous_1)
FN:15,(anonymous_2)
FNF:3
FNH:3
FNDA:1,(anonymous_0)
FNDA:1,(anonymous_1)
FNDA:1,(anonymous_2)
DA:7,7
DA:13,7
DA:14,7
DA:15,7
LF:4
LH:4
BRF:0
BRH:0
end_of_record
TN:
SF:src/reducers/obstacles.js
FN:9,(anonymous_0)
FN:19,(anonymous_1)
FNF:2
FNH:2
FNDA:19,(anonymous_0)
FNDA:2,(anonymous_1)
DA:7,8
DA:9,8
DA:10,19
DA:12,1
DA:15,1
DA:17,1
DA:18,1
DA:19,2
DA:22,1
DA:24,1
DA:28,1
DA:29,1
DA:33,16
LF:13
LH:13
BRDA:9,0,0,17
BRDA:10,1,0,1
BRDA:10,1,1,1
BRDA:10,1,2,1
BRDA:10,1,3,16
BRDA:19,2,0,2
BRDA:19,2,1,1
BRF:7
BRH:7
end_of_record
TN:
SF:src/reducers/rover.js
FN:19,(anonymous_0)
FN:32,(anonymous_1)
FNF:2
FNH:2
FNDA:25,(anonymous_0)
FNDA:9,(anonymous_1)
DA:13,8
DA:19,8
DA:20,25
DA:22,1
DA:25,1
DA:28,3
DA:29,3
DA:30,3
DA:32,3
DA:33,9
DA:34,9
DA:35,9
DA:36,6
DA:46,3
DA:50,2
DA:51,2
DA:52,2
DA:54,2
DA:65,2
DA:66,2
DA:70,2
DA:78,16
LF:22
LH:22
BRDA:19,0,0,17
BRDA:20,1,0,1
BRDA:20,1,1,1
BRDA:20,1,2,3
BRDA:20,1,3,2
BRDA:20,1,4,2
BRDA:20,1,5,16
BRDA:35,2,0,6
BRDA:35,2,1,3
BRDA:66,3,0,1
BRDA:66,3,1,1
BRF:11
BRH:11
end_of_record
TN:
SF:src/reducers/helpers/roverHelpers.js
FN:4,(anonymous_0)
FN:6,(anonymous_1)
FN:23,(anonymous_2)
FNF:3
FNH:3
FNDA:3,(anonymous_0)
FNDA:20,(anonymous_1)
FNDA:24,(anonymous_2)
DA:4,9
DA:6,9
DA:13,20
DA:14,17
DA:20,3
DA:23,9
DA:31,24
DA:32,24
DA:34,13
DA:36,9
DA:37,9
DA:46,1
DA:47,1
DA:56,1
DA:57,1
DA:66,1
DA:67,1
DA:76,1
DA:80,5
DA:82,1
DA:83,1
DA:84,1
DA:93,1
DA:94,1
DA:95,1
DA:104,1
DA:105,1
DA:106,1
DA:115,1
DA:116,1
DA:117,1
DA:126,1
DA:129,5
DA:131,1
DA:132,1
DA:133,1
DA:142,1
DA:143,1
DA:144,1
DA:153,1
DA:154,1
DA:155,1
DA:164,1
DA:165,1
DA:166,1
DA:175,1
DA:178,1
LF:47
LH:47
BRDA:13,0,0,17
BRDA:13,0,1,3
BRDA:32,1,0,13
BRDA:32,1,1,5
BRDA:32,1,2,5
BRDA:32,1,3,1
BRDA:34,2,0,9
BRDA:34,2,1,1
BRDA:34,2,2,1
BRDA:34,2,3,1
BRDA:34,2,4,1
BRDA:80,3,0,1
BRDA:80,3,1,1
BRDA:80,3,2,1
BRDA:80,3,3,1
BRDA:80,3,4,1
BRDA:129,4,0,1
BRDA:129,4,1,1
BRDA:129,4,2,1
BRDA:129,4,3,1
BRDA:129,4,4,1
BRF:21
BRH:21
end_of_record
